<?xml version="1.0" encoding="UTF-8"?>
<!-- Generated by org.testng.reporters.JUnitReportReporter -->
<testsuite hostname="DESKTOP-T8VIPQV" failures="0" tests="2" name="TestNGFramework.BlazeProject.LoginTest" time="10.473" errors="0" timestamp="2025-07-08T19:10:01 EDT" skipped="0">
  <testcase classname="TestNGFramework.BlazeProject.LoginTest" name="testLogin" time="5.672">
    <system-out>
      <![CDATA[Test case is passed]]>
    </system-out>
  </testcase> <!-- testLogin -->
  <testcase classname="TestNGFramework.BlazeProject.LoginTest" name="testLogin" time="4.801">
    <system-out>
      <![CDATA[Test case is passed]]>
    </system-out>
  </testcase> <!-- testLogin -->
  <system-out>
    <![CDATA[Test case is passed
Test case is passed
Test case is passed
Test case is passed]]>
  </system-out>
</testsuite> <!-- TestNGFramework.BlazeProject.LoginTest -->
