<?xml version="1.0" encoding="UTF-8"?>
<!-- Generated by org.testng.reporters.JUnitReportReporter -->
<testsuite hostname="DESKTOP-T8VIPQV" failures="0" tests="1" name="TestNGFramework.BlazeProject.ContactUsTest" time="8.787" errors="0" timestamp="2025-07-08T20:52:38 EDT" skipped="0">
  <testcase classname="TestNGFramework.BlazeProject.ContactUsTest" name="testContactus" time="8.787">
    <system-out>
      <![CDATA[Test case is passed]]>
    </system-out>
  </testcase> <!-- testContactus -->
  <system-out>
    <![CDATA[Test case is passed]]>
  </system-out>
</testsuite> <!-- TestNGFramework.BlazeProject.ContactUsTest -->
