<?xml version="1.0" encoding="UTF-8"?>
<!-- Generated by org.testng.reporters.JUnitReportReporter -->
<testsuite hostname="DESKTOP-T8VIPQV" failures="0" tests="2" name="TestNGFramework.BlazeProject.SignupTest" time="15.051" errors="0" timestamp="2025-07-08T19:10:01 EDT" skipped="0">
  <testcase classname="TestNGFramework.BlazeProject.SignupTest" name="testSignup" time="8.707">
    <system-out>
      <![CDATA[Test case is passed]]>
    </system-out>
  </testcase> <!-- testSignup -->
  <testcase classname="TestNGFramework.BlazeProject.SignupTest" name="testSignup" time="6.344">
    <system-out>
      <![CDATA[Test case is passed]]>
    </system-out>
  </testcase> <!-- testSignup -->
  <system-out>
    <![CDATA[Test case is passed
Test case is passed
Test case is passed
Test case is passed]]>
  </system-out>
</testsuite> <!-- TestNGFramework.BlazeProject.SignupTest -->
